c:\users\алексей\desktop\учеба\github\oop2k\lab1\lab1\x64\debug\vc143.pdb
c:\users\алексей\desktop\учеба\github\oop2k\lab1\lab1\x64\debug\vc143.idb
c:\users\алексей\desktop\учеба\github\oop2k\lab1\lab1\x64\debug\triangle.obj
c:\users\алексей\desktop\учеба\github\oop2k\lab1\lab1\x64\debug\lab1.obj
c:\users\алексей\desktop\учеба\github\oop2k\lab1\lab1\x64\debug\lab1.ilk
c:\users\алексей\desktop\учеба\github\oop2k\lab1\x64\debug\lab1.pdb
c:\users\алексей\desktop\учеба\github\oop2k\lab1\lab1\x64\debug\lab1.tlog\cl.command.1.tlog
c:\users\алексей\desktop\учеба\github\oop2k\lab1\lab1\x64\debug\lab1.tlog\cl.items.tlog
c:\users\алексей\desktop\учеба\github\oop2k\lab1\lab1\x64\debug\lab1.tlog\cl.read.1.tlog
c:\users\алексей\desktop\учеба\github\oop2k\lab1\lab1\x64\debug\lab1.tlog\cl.write.1.tlog
c:\users\алексей\desktop\учеба\github\oop2k\lab1\lab1\x64\debug\lab1.tlog\link-cvtres.read.1.tlog
c:\users\алексей\desktop\учеба\github\oop2k\lab1\lab1\x64\debug\lab1.tlog\link-cvtres.write.1.tlog
c:\users\алексей\desktop\учеба\github\oop2k\lab1\lab1\x64\debug\lab1.tlog\link-rc.read.1.tlog
c:\users\алексей\desktop\учеба\github\oop2k\lab1\lab1\x64\debug\lab1.tlog\link-rc.write.1.tlog
c:\users\алексей\desktop\учеба\github\oop2k\lab1\lab1\x64\debug\lab1.tlog\link.11156-cvtres.read.1.tlog
c:\users\алексей\desktop\учеба\github\oop2k\lab1\lab1\x64\debug\lab1.tlog\link.11156-cvtres.write.1.tlog
c:\users\алексей\desktop\учеба\github\oop2k\lab1\lab1\x64\debug\lab1.tlog\link.11156-rc.read.1.tlog
c:\users\алексей\desktop\учеба\github\oop2k\lab1\lab1\x64\debug\lab1.tlog\link.11156-rc.write.1.tlog
c:\users\алексей\desktop\учеба\github\oop2k\lab1\lab1\x64\debug\lab1.tlog\link.11156.read.1.tlog
c:\users\алексей\desktop\учеба\github\oop2k\lab1\lab1\x64\debug\lab1.tlog\link.11156.read.2.tlog
c:\users\алексей\desktop\учеба\github\oop2k\lab1\lab1\x64\debug\lab1.tlog\link.11156.write.1.tlog
c:\users\алексей\desktop\учеба\github\oop2k\lab1\lab1\x64\debug\lab1.tlog\link.command.1.tlog
c:\users\алексей\desktop\учеба\github\oop2k\lab1\lab1\x64\debug\lab1.tlog\link.read.1.tlog
c:\users\алексей\desktop\учеба\github\oop2k\lab1\lab1\x64\debug\lab1.tlog\link.read.2.tlog
c:\users\алексей\desktop\учеба\github\oop2k\lab1\lab1\x64\debug\lab1.tlog\link.read.3.tlog
c:\users\алексей\desktop\учеба\github\oop2k\lab1\lab1\x64\debug\lab1.tlog\link.secondary.1.tlog
c:\users\алексей\desktop\учеба\github\oop2k\lab1\lab1\x64\debug\lab1.tlog\link.write.1.tlog
